Determining if the pthread_create exist failed with the following output:
Change Dir: /home/hyeonbeen/carto_ws/build_isolated/controller_manager_msgs/CMakeFiles/CMakeTmp

Run Build Command:"/usr/bin/ninja" "cmTC_c5d0d"
[1/2] Building C object CMakeFiles/cmTC_c5d0d.dir/CheckSymbolExists.c.o
[2/2] Linking C executable cmTC_c5d0d
FAILED: cmTC_c5d0d 
: && /usr/bin/cc   -rdynamic CMakeFiles/cmTC_c5d0d.dir/CheckSymbolExists.c.o  -o cmTC_c5d0d   && :
CMakeFiles/cmTC_c5d0d.dir/CheckSymbolExists.c.o: In function `main':
CheckSymbolExists.c:(.text+0x1b): undefined reference to `pthread_create'
collect2: error: ld returned 1 exit status
ninja: build stopped: subcommand failed.

File /home/hyeonbeen/carto_ws/build_isolated/controller_manager_msgs/CMakeFiles/CMakeTmp/CheckSymbolExists.c:
/* */
#include <pthread.h>

int main(int argc, char** argv)
{
  (void)argv;
#ifndef pthread_create
  return ((int*)(&pthread_create))[argc];
#else
  (void)argc;
  return 0;
#endif
}

Determining if the function pthread_create exists in the pthreads failed with the following output:
Change Dir: /home/hyeonbeen/carto_ws/build_isolated/controller_manager_msgs/CMakeFiles/CMakeTmp

Run Build Command:"/usr/bin/ninja" "cmTC_e0f71"
[1/2] Building C object CMakeFiles/cmTC_e0f71.dir/CheckFunctionExists.c.o
[2/2] Linking C executable cmTC_e0f71
FAILED: cmTC_e0f71 
: && /usr/bin/cc -DCHECK_FUNCTION_EXISTS=pthread_create  -rdynamic CMakeFiles/cmTC_e0f71.dir/CheckFunctionExists.c.o  -o cmTC_e0f71  -lpthreads && :
/usr/bin/ld: cannot find -lpthreads
collect2: error: ld returned 1 exit status
ninja: build stopped: subcommand failed.


