Determining if the pthread_create exist failed with the following output:
Change Dir: /home/hyeonbeen/carto_ws/build_isolated/velocity_controllers/CMakeFiles/CMakeTmp

Run Build Command:"/usr/bin/ninja" "cmTC_69efa"
[1/2] Building C object CMakeFiles/cmTC_69efa.dir/CheckSymbolExists.c.o
[2/2] Linking C executable cmTC_69efa
FAILED: cmTC_69efa 
: && /usr/bin/cc   -rdynamic CMakeFiles/cmTC_69efa.dir/CheckSymbolExists.c.o  -o cmTC_69efa   && :
CMakeFiles/cmTC_69efa.dir/CheckSymbolExists.c.o: In function `main':
CheckSymbolExists.c:(.text+0x1b): undefined reference to `pthread_create'
collect2: error: ld returned 1 exit status
ninja: build stopped: subcommand failed.

File /home/hyeonbeen/carto_ws/build_isolated/velocity_controllers/CMakeFiles/CMakeTmp/CheckSymbolExists.c:
/* */
#include <pthread.h>

int main(int argc, char** argv)
{
  (void)argv;
#ifndef pthread_create
  return ((int*)(&pthread_create))[argc];
#else
  (void)argc;
  return 0;
#endif
}

Determining if the function pthread_create exists in the pthreads failed with the following output:
Change Dir: /home/hyeonbeen/carto_ws/build_isolated/velocity_controllers/CMakeFiles/CMakeTmp

Run Build Command:"/usr/bin/ninja" "cmTC_5501a"
[1/2] Building C object CMakeFiles/cmTC_5501a.dir/CheckFunctionExists.c.o
[2/2] Linking C executable cmTC_5501a
FAILED: cmTC_5501a 
: && /usr/bin/cc -DCHECK_FUNCTION_EXISTS=pthread_create  -rdynamic CMakeFiles/cmTC_5501a.dir/CheckFunctionExists.c.o  -o cmTC_5501a  -lpthreads && :
/usr/bin/ld: cannot find -lpthreads
collect2: error: ld returned 1 exit status
ninja: build stopped: subcommand failed.


