Determining if the pthread_create exist failed with the following output:
Change Dir: /home/hyeonbeen/carto_ws/build_isolated/joint_limits_interface/CMakeFiles/CMakeTmp

Run Build Command:"/usr/bin/ninja" "cmTC_baefc"
[1/2] Building C object CMakeFiles/cmTC_baefc.dir/CheckSymbolExists.c.o
[2/2] Linking C executable cmTC_baefc
FAILED: cmTC_baefc 
: && /usr/bin/cc   -rdynamic CMakeFiles/cmTC_baefc.dir/CheckSymbolExists.c.o  -o cmTC_baefc   && :
CMakeFiles/cmTC_baefc.dir/CheckSymbolExists.c.o: In function `main':
CheckSymbolExists.c:(.text+0x1b): undefined reference to `pthread_create'
collect2: error: ld returned 1 exit status
ninja: build stopped: subcommand failed.

File /home/hyeonbeen/carto_ws/build_isolated/joint_limits_interface/CMakeFiles/CMakeTmp/CheckSymbolExists.c:
/* */
#include <pthread.h>

int main(int argc, char** argv)
{
  (void)argv;
#ifndef pthread_create
  return ((int*)(&pthread_create))[argc];
#else
  (void)argc;
  return 0;
#endif
}

Determining if the function pthread_create exists in the pthreads failed with the following output:
Change Dir: /home/hyeonbeen/carto_ws/build_isolated/joint_limits_interface/CMakeFiles/CMakeTmp

Run Build Command:"/usr/bin/ninja" "cmTC_4d4eb"
[1/2] Building C object CMakeFiles/cmTC_4d4eb.dir/CheckFunctionExists.c.o
[2/2] Linking C executable cmTC_4d4eb
FAILED: cmTC_4d4eb 
: && /usr/bin/cc -DCHECK_FUNCTION_EXISTS=pthread_create  -rdynamic CMakeFiles/cmTC_4d4eb.dir/CheckFunctionExists.c.o  -o cmTC_4d4eb  -lpthreads && :
/usr/bin/ld: cannot find -lpthreads
collect2: error: ld returned 1 exit status
ninja: build stopped: subcommand failed.


